<?xml version="1.0" encoding="UTF-8"?>
<testng-results total="2" passed="2" failed="0" skipped="0">
  <reporter-output>
  </reporter-output>
  <suite started-at="2020-08-06T21:50:53Z" name="Default suite" finished-at="2020-08-06T21:51:06Z" duration-ms="13430">
    <groups>
    </groups>
    <test started-at="2020-08-06T21:50:53Z" name="Default test" finished-at="2020-08-06T21:51:06Z" duration-ms="13430">
      <class name="qa_test.Testing">
        <test-method is-config="true" signature="setUp()[pri:0, instance:qa_test.Testing@dc9876b]" started-at="2020-08-06T17:50:53Z" name="setUp" finished-at="2020-08-06T17:51:02Z" duration-ms="8568" status="PASS">
          <reporter-output>
          </reporter-output>
        </test-method> <!-- setUp -->
        <test-method signature="userName()[pri:0, instance:qa_test.Testing@dc9876b]" started-at="2020-08-06T17:51:02Z" name="userName" finished-at="2020-08-06T17:51:04Z" duration-ms="2261" status="PASS">
          <reporter-output>
          </reporter-output>
        </test-method> <!-- userName -->
        <test-method signature="password()[pri:0, instance:qa_test.Testing@dc9876b]" started-at="2020-08-06T17:51:04Z" name="password" finished-at="2020-08-06T17:51:06Z" duration-ms="2205" status="PASS">
          <reporter-output>
          </reporter-output>
        </test-method> <!-- password -->
        <test-method is-config="true" signature="tearDown()[pri:0, instance:qa_test.Testing@dc9876b]" started-at="2020-08-06T17:51:06Z" name="tearDown" finished-at="2020-08-06T17:51:06Z" duration-ms="372" status="PASS">
          <reporter-output>
          </reporter-output>
        </test-method> <!-- tearDown -->
      </class> <!-- qa_test.Testing -->
    </test> <!-- Default test -->
  </suite> <!-- Default suite -->
</testng-results>
